{
  "RSpec": {
    "coverage": {
      "/Users/jphoenix/Dropbox/turing/1module/projects/chisel/lib/chisel.rb": [
        1,
        1,
        null,
        1,
        2,
        null,
        null,
        1,
        1,
        null,
        null,
        1,
        1,
        null,
        null,
        1,
        0,
        null,
        null,
        null
      ],
      "/Users/jphoenix/Dropbox/turing/1module/projects/chisel/lib/renderer.rb": [
        1,
        1,
        2,
        66,
        66,
        4,
        null,
        null,
        null,
        1,
        8,
        4,
        null,
        4,
        null,
        null,
        null
      ],
      "/Users/jphoenix/Dropbox/turing/1module/projects/chisel/lib/emphasizer.rb": [
        1,
        null,
        1,
        1,
        7,
        7,
        null,
        null,
        null,
        1,
        7,
        178,
        7,
        10,
        5,
        null,
        5,
        null,
        null,
        7,
        null,
        null,
        1,
        253,
        7,
        7,
        10,
        5,
        null,
        5,
        null,
        null,
        7,
        null,
        null,
        null
      ],
      "/Users/jphoenix/Dropbox/turing/1module/projects/chisel/test/chunk_maker_test.rb": [
        1,
        null,
        1,
        1,
        1,
        1,
        null,
        1,
        null,
        null
      ],
      "/Users/jphoenix/Dropbox/turing/1module/projects/chisel/lib/chunk_maker.rb": [
        1,
        1,
        null,
        2,
        null,
        null,
        null
      ],
      "/Users/jphoenix/Dropbox/turing/1module/projects/chisel/test/emphasizer_test.rb": [
        1,
        null,
        null,
        null,
        null,
        null,
        1,
        1,
        1,
        1,
        1,
        null,
        null,
        1,
        1,
        1,
        1,
        1,
        null,
        null,
        1,
        1,
        1,
        1,
        1,
        null,
        null,
        1,
        1,
        1,
        1,
        1,
        null,
        null,
        1,
        1,
        1,
        1,
        1,
        null,
        null,
        1,
        1,
        1,
        1,
        1,
        null,
        null,
        1,
        1,
        1,
        1,
        1,
        null,
        null,
        1,
        1,
        0,
        0,
        0,
        0,
        null,
        null
      ],
      "/Users/jphoenix/Dropbox/turing/1module/projects/chisel/test/parser_test.rb": [
        1,
        null,
        1,
        1,
        1,
        null,
        null,
        1,
        null,
        1,
        1,
        1,
        1,
        null,
        null,
        1,
        null,
        1,
        1,
        1,
        1,
        null,
        null
      ],
      "/Users/jphoenix/Dropbox/turing/1module/projects/chisel/lib/parser.rb": [
        1,
        1,
        2,
        2,
        null,
        null
      ],
      "/Users/jphoenix/Dropbox/turing/1module/projects/chisel/test/renderer_test.rb": [
        1,
        null,
        1,
        1,
        1,
        1,
        null,
        1,
        null,
        null
      ]
    },
    "timestamp": 1433881841
  }
}
